0 info it worked if it ends with ok
1 verbose cli [ '/home/jschindler/apps/node-v5.7.0-linux-x64/bin/node',
1 verbose cli   '/home/jschindler/bin/npm',
1 verbose cli   'run-script',
1 verbose cli   'serve' ]
2 info using npm@3.6.0
3 info using node@v5.7.0
4 verbose stack Error: Failed to parse json
4 verbose stack Unexpected token 's' at 7:6
4 verbose stack     "serve": "node node_modules/.bin/webpack-dev-server --content-base app --in
4 verbose stack      ^
4 verbose stack     at parseError (/home/jschindler/apps/node-v5.7.0-linux-x64/lib/node_modules/npm/node_modules/read-package-json/read-json.js:379:11)
4 verbose stack     at parseJson (/home/jschindler/apps/node-v5.7.0-linux-x64/lib/node_modules/npm/node_modules/read-package-json/read-json.js:68:23)
4 verbose stack     at /home/jschindler/apps/node-v5.7.0-linux-x64/lib/node_modules/npm/node_modules/read-package-json/read-json.js:48:5
4 verbose stack     at /home/jschindler/apps/node-v5.7.0-linux-x64/lib/node_modules/npm/node_modules/graceful-fs/graceful-fs.js:76:16
4 verbose stack     at tryToString (fs.js:414:3)
4 verbose stack     at FSReqWrap.readFileAfterClose [as oncomplete] (fs.js:401:12)
5 verbose cwd /home/jschindler/src/OCI/webpack-experimentation/ng2
6 error Linux 4.6.4-201.fc23.x86_64
7 error argv "/home/jschindler/apps/node-v5.7.0-linux-x64/bin/node" "/home/jschindler/bin/npm" "run-script" "serve"
8 error node v5.7.0
9 error npm  v3.6.0
10 error file /home/jschindler/src/OCI/webpack-experimentation/ng2/package.json
11 error code EJSONPARSE
12 error Failed to parse json
12 error Unexpected token 's' at 7:6
12 error     "serve": "node node_modules/.bin/webpack-dev-server --content-base app --in
12 error      ^
13 error File: /home/jschindler/src/OCI/webpack-experimentation/ng2/package.json
14 error Failed to parse package.json data.
14 error package.json must be actual JSON, not just JavaScript.
14 error
14 error This is not a bug in npm.
14 error Tell the package author to fix their package.json file. JSON.parse
15 verbose exit [ 1, true ]
